<?xml version="1.0" encoding="UTF-8"?>
<!-- Generated by org.testng.reporters.JUnitXMLReporter -->
<testsuite ignored="0" hostname="DESKTOP-9O9TGEG" failures="0" tests="3" name="Default test" time="53.152" errors="0" timestamp="2023-09-05T22:07:08 IST">
  <testcase classname="AutomationDemoProject.Tests.AutomationDemoTestsDataDrivenTesting" name="verifyIndexPage" time="2.898"/>
  <testcase classname="AutomationDemoProject.Tests.AutomationDemoTestsDataDrivenTesting" name="verifyRegisterUser" time="21.961"/>
  <testcase classname="AutomationDemoProject.Tests.AutomationDemoTestsDataDrivenTesting" name="verifyRegisterUser" time="21.83"/>
</testsuite> <!-- Default test -->
